Using pre-set license
Built from '2021.1/release' branch; Version is '2021.1.0f1 (61a549675243) revision 6399305'; Using compiler version '192528614'; Build Type 'Release'
OS: 'Windows 10 Pro; OS build 19043.1288; Version 2009; 64bit' Language: 'en' Physical Memory: 65449 MB
BatchMode: 1, IsHumanControllingUs: 0, StartBugReporterOnCrash: 0, Is64bit: 1, IsPro: 0

 COMMAND LINE ARGUMENTS:
C:\Program Files\Unity\Hub\Editor\2021.1.0f1\Editor\Unity.exe
-adb2
-batchMode
-noUpm
-name
AssetImportWorker0
-projectPath
D:/gameProjects/projectPiggies/mc7998a_assignment_3
-logFile
Logs/AssetImportWorker0.log
-srvPort
62591
Successfully changed project path to: D:/gameProjects/projectPiggies/mc7998a_assignment_3
D:/gameProjects/projectPiggies/mc7998a_assignment_3
Using Asset Import Pipeline V2.
Refreshing native plugins compatible for Editor in 106.66 ms, found 2 plugins.
Preloading 0 native plugins for Editor in 0.00 ms.
Initialize engine version: 2021.1.0f1 (61a549675243)
[Subsystems] Discovering subsystems at path C:/Program Files/Unity/Hub/Editor/2021.1.0f1/Editor/Data/Resources/UnitySubsystems
[Subsystems] Discovering subsystems at path D:/gameProjects/projectPiggies/mc7998a_assignment_3/Assets
GfxDevice: creating device client; threaded=0; jobified=0
Direct3D:
    Version:  Direct3D 11.0 [level 11.1]
    Renderer: NVIDIA GeForce RTX 2070 (ID=0x1f02)
    Vendor:   NVIDIA
    VRAM:     8031 MB
    Driver:   27.21.14.6231
Initialize mono
Mono path[0] = 'C:/Program Files/Unity/Hub/Editor/2021.1.0f1/Editor/Data/Managed'
Mono path[1] = 'C:/Program Files/Unity/Hub/Editor/2021.1.0f1/Editor/Data/MonoBleedingEdge/lib/mono/unityjit'
Mono config path = 'C:/Program Files/Unity/Hub/Editor/2021.1.0f1/Editor/Data/MonoBleedingEdge/etc'
Using monoOptions --debugger-agent=transport=dt_socket,embedding=1,server=y,suspend=n,address=127.0.0.1:56860
Begin MonoManager ReloadAssembly
Registering precompiled unity dll's ...
Register platform support module: C:/Program Files/Unity/Hub/Editor/2021.1.0f1/Editor/Data/PlaybackEngines/WebGLSupport/UnityEditor.WebGL.Extensions.dll
Register platform support module: C:/Program Files/Unity/Hub/Editor/2021.1.0f1/Editor/Data/PlaybackEngines/WindowsStandaloneSupport/UnityEditor.WindowsStandalone.Extensions.dll
Registered in 0.003266 seconds.
Native extension for WindowsStandalone target not found
Native extension for WebGL target not found
Refreshing native plugins compatible for Editor in 110.93 ms, found 2 plugins.
Preloading 0 native plugins for Editor in 0.00 ms.
Mono: successfully reloaded assembly
- Completed reload, in  1.539 seconds
Platform modules already initialized, skipping
Registering precompiled user dll's ...
Registered in 0.002901 seconds.
Begin MonoManager ReloadAssembly
Native extension for WindowsStandalone target not found
Native extension for WebGL target not found
Refreshing native plugins compatible for Editor in 113.02 ms, found 2 plugins.
Preloading 0 native plugins for Editor in 0.00 ms.
Mono: successfully reloaded assembly
- Completed reload, in  1.227 seconds
Platform modules already initialized, skipping
========================================================================
Worker process is ready to serve import requests
Launched and connected shader compiler UnityShaderCompiler.exe after 0.05 seconds
Refreshing native plugins compatible for Editor in 0.79 ms, found 2 plugins.
Preloading 0 native plugins for Editor in 0.00 ms.
Unloading 3394 Unused Serialized files (Serialized files now loaded: 0)
System memory in use before: 129.0 MB.
System memory in use after: 129.1 MB.

Unloading 29 unused Assets to reduce memory usage. Loaded Objects now: 3847.
Total: 3.572500 ms (FindLiveObjects: 0.347300 ms CreateObjectMapping: 0.250900 ms MarkObjects: 2.823100 ms  DeleteObjects: 0.149700 ms)

========================================================================
Received Import Request.
  path: Assets/Logo Redesign Attempt v2.png
  artifactKey: Guid(2c746147c3a6eb045a1309d37597d6c3) Importer(815301076,1909f56bfc062723c751e8b465ee728b)
Start importing Assets/Logo Redesign Attempt v2.png using Guid(2c746147c3a6eb045a1309d37597d6c3) Importer(815301076,1909f56bfc062723c751e8b465ee728b)  -> (artifact id: 'e2ddc4fc86b56b683469f21cd3bcad31') in 0.139469 seconds 
========================================================================
Received Import Request.
  Time since last request: 27.085777 seconds.
  path: Assets/Sprites/Player/bframe0.png
  artifactKey: Guid(0f31cbaa2edef7e458c6b587dfdba1ea) Importer(815301076,1909f56bfc062723c751e8b465ee728b)
Start importing Assets/Sprites/Player/bframe0.png using Guid(0f31cbaa2edef7e458c6b587dfdba1ea) Importer(815301076,1909f56bfc062723c751e8b465ee728b)  -> (artifact id: 'fea242aa70a13abf9293afcc12568d03') in 0.010942 seconds 
========================================================================
Received Import Request.
  Time since last request: 0.000404 seconds.
  path: Assets/Sprites/Player/death3.png
  artifactKey: Guid(6a276203483a79747864d392500ea095) Importer(815301076,1909f56bfc062723c751e8b465ee728b)
Start importing Assets/Sprites/Player/death3.png using Guid(6a276203483a79747864d392500ea095) Importer(815301076,1909f56bfc062723c751e8b465ee728b)  -> (artifact id: 'f90d349b396be76309432d8a5c8f3784') in 0.009046 seconds 
========================================================================
Received Import Request.
  Time since last request: 0.000387 seconds.
  path: Assets/Sprites/Player/death0.png
  artifactKey: Guid(24a1fd135fcfab749af6184a45d3d642) Importer(815301076,1909f56bfc062723c751e8b465ee728b)
Start importing Assets/Sprites/Player/death0.png using Guid(24a1fd135fcfab749af6184a45d3d642) Importer(815301076,1909f56bfc062723c751e8b465ee728b)  -> (artifact id: '5415471600d80db53c1419b2a7859b3e') in 0.010041 seconds 
========================================================================
Received Import Request.
  Time since last request: 0.000449 seconds.
  path: Assets/Sprites/Player/bframe2.png
  artifactKey: Guid(83a75460257f9c142a479605efd38eff) Importer(815301076,1909f56bfc062723c751e8b465ee728b)
Start importing Assets/Sprites/Player/bframe2.png using Guid(83a75460257f9c142a479605efd38eff) Importer(815301076,1909f56bfc062723c751e8b465ee728b)  -> (artifact id: '2cf075649497519457e4cab1d7acda6f') in 0.009648 seconds 
========================================================================
Received Import Request.
  Time since last request: 0.000404 seconds.
  path: Assets/Sprites/Player/bframe1.png
  artifactKey: Guid(a88a5c234569aca41b823724608ae47e) Importer(815301076,1909f56bfc062723c751e8b465ee728b)
Start importing Assets/Sprites/Player/bframe1.png using Guid(a88a5c234569aca41b823724608ae47e) Importer(815301076,1909f56bfc062723c751e8b465ee728b)  -> (artifact id: 'fb983aedc7e308b17a725453237707e2') in 0.010525 seconds 
========================================================================
Received Import Request.
  Time since last request: 0.000383 seconds.
  path: Assets/Sprites/Player/death4.png
  artifactKey: Guid(e5923ccbf5a351d4b85fa798eb6c610c) Importer(815301076,1909f56bfc062723c751e8b465ee728b)
Start importing Assets/Sprites/Player/death4.png using Guid(e5923ccbf5a351d4b85fa798eb6c610c) Importer(815301076,1909f56bfc062723c751e8b465ee728b)  -> (artifact id: 'c8d0300086f8043cefd60a3f4e28e37c') in 0.009435 seconds 
========================================================================
Received Import Request.
  Time since last request: 0.000419 seconds.
  path: Assets/Sprites/Player/death1.png
  artifactKey: Guid(1bfa8e1004684da4cb6a839082a02e45) Importer(815301076,1909f56bfc062723c751e8b465ee728b)
Start importing Assets/Sprites/Player/death1.png using Guid(1bfa8e1004684da4cb6a839082a02e45) Importer(815301076,1909f56bfc062723c751e8b465ee728b)  -> (artifact id: '2bb3c7d3537660e180ae7f4caf7bf6a2') in 0.010854 seconds 
========================================================================
Received Import Request.
  Time since last request: 0.000418 seconds.
  path: Assets/Sprites/Player/death2.png
  artifactKey: Guid(f1353837690fbdc439e31fabee98858b) Importer(815301076,1909f56bfc062723c751e8b465ee728b)
Start importing Assets/Sprites/Player/death2.png using Guid(f1353837690fbdc439e31fabee98858b) Importer(815301076,1909f56bfc062723c751e8b465ee728b)  -> (artifact id: 'e68bd48807b3035507f49154aeac9a7d') in 0.011472 seconds 
========================================================================
Received Import Request.
  Time since last request: 0.000434 seconds.
  path: Assets/Sprites/Player/bframe2_1.png
  artifactKey: Guid(54d0ea5fab475024283cf3a4fb5e01ed) Importer(815301076,1909f56bfc062723c751e8b465ee728b)
Start importing Assets/Sprites/Player/bframe2_1.png using Guid(54d0ea5fab475024283cf3a4fb5e01ed) Importer(815301076,1909f56bfc062723c751e8b465ee728b)  -> (artifact id: '27fa9944413e6a2baa470e592bb25c5a') in 0.010729 seconds 
========================================================================
Received Import Request.
  Time since last request: 13.220873 seconds.
  path: Assets/Sprites/UI/0_replay copy.png
  artifactKey: Guid(3c64102400974d54389ddae462242c9e) Importer(815301076,1909f56bfc062723c751e8b465ee728b)
Start importing Assets/Sprites/UI/0_replay copy.png using Guid(3c64102400974d54389ddae462242c9e) Importer(815301076,1909f56bfc062723c751e8b465ee728b)  -> (artifact id: '4486644c9658fd6a28d9844bf27b9fd6') in 0.009394 seconds 
========================================================================
Received Import Request.
  Time since last request: 0.000398 seconds.
  path: Assets/Sprites/UI/0_rest.png
  artifactKey: Guid(88d8d8d19b120e144b696a39570b359e) Importer(815301076,1909f56bfc062723c751e8b465ee728b)
Start importing Assets/Sprites/UI/0_rest.png using Guid(88d8d8d19b120e144b696a39570b359e) Importer(815301076,1909f56bfc062723c751e8b465ee728b)  -> (artifact id: '96a57a288f177c1b81212565f48343ff') in 0.008124 seconds 
========================================================================
Received Import Request.
  Time since last request: 0.000426 seconds.
  path: Assets/Sprites/UI/1_replay.png
  artifactKey: Guid(e9aae7a74cc8dd34e892ddb63be8fdc3) Importer(815301076,1909f56bfc062723c751e8b465ee728b)
Start importing Assets/Sprites/UI/1_replay.png using Guid(e9aae7a74cc8dd34e892ddb63be8fdc3) Importer(815301076,1909f56bfc062723c751e8b465ee728b)  -> (artifact id: '751aba7ac5353dd14247058a6e026796') in 0.008836 seconds 
========================================================================
Received Import Request.
  Time since last request: 0.000386 seconds.
  path: Assets/Sprites/UI/0_replay.png
  artifactKey: Guid(38376df933a5c3246b94358f23aa64d5) Importer(815301076,1909f56bfc062723c751e8b465ee728b)
Start importing Assets/Sprites/UI/0_replay.png using Guid(38376df933a5c3246b94358f23aa64d5) Importer(815301076,1909f56bfc062723c751e8b465ee728b)  -> (artifact id: 'a919871552908bb23916cd4d14a66681') in 0.009619 seconds 
========================================================================
Received Import Request.
  Time since last request: 0.000436 seconds.
  path: Assets/Sprites/UI/1_replay copy.png
  artifactKey: Guid(e6516e2ae95889a4ba05915a2cb58b36) Importer(815301076,1909f56bfc062723c751e8b465ee728b)
Start importing Assets/Sprites/UI/1_replay copy.png using Guid(e6516e2ae95889a4ba05915a2cb58b36) Importer(815301076,1909f56bfc062723c751e8b465ee728b)  -> (artifact id: 'c1a660a89658f728a4b30f35252b088d') in 0.009829 seconds 
========================================================================
Received Import Request.
  Time since last request: 0.000369 seconds.
  path: Assets/Sprites/UI/1_rest.png
  artifactKey: Guid(50a6d858c2bd7d84882e4d0bc4137f4e) Importer(815301076,1909f56bfc062723c751e8b465ee728b)
Start importing Assets/Sprites/UI/1_rest.png using Guid(50a6d858c2bd7d84882e4d0bc4137f4e) Importer(815301076,1909f56bfc062723c751e8b465ee728b)  -> (artifact id: '106f211af9160ad5e01b05a8a5da95ac') in 0.009055 seconds 
========================================================================
Received Prepare
Refreshing native plugins compatible for Editor in 2.98 ms, found 2 plugins.
Preloading 0 native plugins for Editor in 0.00 ms.
Unloading 15 Unused Serialized files (Serialized files now loaded: 0)
System memory in use before: 65.7 MB.
System memory in use after: 65.8 MB.

Unloading 15 unused Assets to reduce memory usage. Loaded Objects now: 3875.
Total: 2.885300 ms (FindLiveObjects: 0.303800 ms CreateObjectMapping: 0.181800 ms MarkObjects: 2.304500 ms  DeleteObjects: 0.094100 ms)

========================================================================
Received Prepare
Refreshing native plugins compatible for Editor in 2.79 ms, found 2 plugins.
Preloading 0 native plugins for Editor in 0.00 ms.
Unloading 15 Unused Serialized files (Serialized files now loaded: 0)
System memory in use before: 65.7 MB.
System memory in use after: 65.8 MB.

Unloading 15 unused Assets to reduce memory usage. Loaded Objects now: 3875.
Total: 4.300900 ms (FindLiveObjects: 0.446100 ms CreateObjectMapping: 0.313100 ms MarkObjects: 3.426100 ms  DeleteObjects: 0.113500 ms)

========================================================================
Received Import Request.
  Time since last request: 322.856649 seconds.
  path: Assets/Sprites/logoWatermark.png
  artifactKey: Guid(9bf31845de270784082ea428062bd513) Importer(815301076,1909f56bfc062723c751e8b465ee728b)
Start importing Assets/Sprites/logoWatermark.png using Guid(9bf31845de270784082ea428062bd513) Importer(815301076,1909f56bfc062723c751e8b465ee728b)  -> (artifact id: '7e26ed4e67b556d38bdb23ec26044c01') in 0.013747 seconds 
========================================================================
Received Prepare
Refreshing native plugins compatible for Editor in 2.94 ms, found 2 plugins.
Preloading 0 native plugins for Editor in 0.00 ms.
Unloading 15 Unused Serialized files (Serialized files now loaded: 0)
System memory in use before: 65.8 MB.
System memory in use after: 65.9 MB.

Unloading 15 unused Assets to reduce memory usage. Loaded Objects now: 3876.
Total: 3.619200 ms (FindLiveObjects: 0.301200 ms CreateObjectMapping: 0.188800 ms MarkObjects: 3.029300 ms  DeleteObjects: 0.098900 ms)

========================================================================
Received Prepare
Refreshing native plugins compatible for Editor in 2.93 ms, found 2 plugins.
Preloading 0 native plugins for Editor in 0.00 ms.
Unloading 15 Unused Serialized files (Serialized files now loaded: 0)
System memory in use before: 65.8 MB.
System memory in use after: 65.9 MB.

Unloading 15 unused Assets to reduce memory usage. Loaded Objects now: 3876.
Total: 2.951600 ms (FindLiveObjects: 0.314600 ms CreateObjectMapping: 0.183600 ms MarkObjects: 2.351700 ms  DeleteObjects: 0.100600 ms)

========================================================================
Received Prepare
Refreshing native plugins compatible for Editor in 3.40 ms, found 2 plugins.
Preloading 0 native plugins for Editor in 0.00 ms.
Unloading 15 Unused Serialized files (Serialized files now loaded: 0)
System memory in use before: 65.8 MB.
System memory in use after: 65.9 MB.

Unloading 15 unused Assets to reduce memory usage. Loaded Objects now: 3876.
Total: 3.500100 ms (FindLiveObjects: 0.409500 ms CreateObjectMapping: 0.268100 ms MarkObjects: 2.717800 ms  DeleteObjects: 0.103400 ms)

